;;; 
Export: Release 11.2.0.1.0 - Production on Tue Jul 25 09:10:06 2017

Copyright (c) 1982, 2009, Oracle and/or its affiliates.  All rights reserved.
;;; 
Connected to: Oracle Database 11g Enterprise Edition Release 11.2.0.1.0 - Production
With the Partitioning, OLAP, Data Mining and Real Application Testing options
Starting "BOSS"."SYS_EXPORT_SCHEMA_01":  boss/******** schemas=boss dumpfile=boss2.dmp logfile=boss2.log 
Estimate in progress using BLOCKS method...
Processing object type SCHEMA_EXPORT/TABLE/TABLE_DATA
Total estimation using BLOCKS method: 512 KB
Processing object type SCHEMA_EXPORT/USER
Processing object type SCHEMA_EXPORT/SYSTEM_GRANT
Processing object type SCHEMA_EXPORT/ROLE_GRANT
Processing object type SCHEMA_EXPORT/DEFAULT_ROLE
Processing object type SCHEMA_EXPORT/PRE_SCHEMA/PROCACT_SCHEMA
Processing object type SCHEMA_EXPORT/SEQUENCE/SEQUENCE
Processing object type SCHEMA_EXPORT/TABLE/TABLE
Processing object type SCHEMA_EXPORT/TABLE/GRANT/OWNER_GRANT/OBJECT_GRANT
Processing object type SCHEMA_EXPORT/TABLE/INDEX/INDEX
Processing object type SCHEMA_EXPORT/TABLE/CONSTRAINT/CONSTRAINT
Processing object type SCHEMA_EXPORT/TABLE/INDEX/STATISTICS/INDEX_STATISTICS
Processing object type SCHEMA_EXPORT/TABLE/COMMENT
Processing object type SCHEMA_EXPORT/TABLE/CONSTRAINT/REF_CONSTRAINT
Processing object type SCHEMA_EXPORT/TABLE/TRIGGER
Processing object type SCHEMA_EXPORT/TABLE/STATISTICS/TABLE_STATISTICS
. . exported "BOSS"."HISTORY_PENJUALAN"                  90.49 KB     831 rows
. . exported "BOSS"."PENJUALAN"                          38.05 KB     405 rows
. . exported "BOSS"."BARANG"                             14.77 KB     169 rows
. . exported "BOSS"."DISTRIBUTOR"                        10.36 KB      35 rows
. . exported "BOSS"."MEREK"                              19.39 KB     283 rows
. . exported "BOSS"."TOKO"                               10.26 KB      24 rows
Master table "BOSS"."SYS_EXPORT_SCHEMA_01" successfully loaded/unloaded
******************************************************************************
Dump file set for BOSS.SYS_EXPORT_SCHEMA_01 is:
  C:\APP\ONI\ADMIN\ORCL2\DPDUMP\BOSS2.DMP
Job "BOSS"."SYS_EXPORT_SCHEMA_01" successfully completed at 09:12:20
